{"/Users/mac/Desktop/propelld-assessment/src/components/common/buttons/SuccessButton.jsx": {"path":"/Users/mac/Desktop/propelld-assessment/src/components/common/buttons/SuccessButton.jsx","statementMap":{"0":{"start":{"line":4,"column":22},"end":{"line":13,"column":1}},"1":{"start":{"line":5,"column":4},"end":{"line":12,"column":5}}},"fnMap":{"0":{"name":"(anonymous_0)","decl":{"start":{"line":4,"column":22},"end":{"line":4,"column":23}},"loc":{"start":{"line":4,"column":102},"end":{"line":13,"column":1}},"line":4}},"branchMap":{"0":{"loc":{"start":{"line":4,"column":25},"end":{"line":4,"column":35}},"type":"default-arg","locations":[{"start":{"line":4,"column":33},"end":{"line":4,"column":35}}],"line":4},"1":{"loc":{"start":{"line":4,"column":37},"end":{"line":4,"column":73}},"type":"default-arg","locations":[{"start":{"line":4,"column":53},"end":{"line":4,"column":73}}],"line":4},"2":{"loc":{"start":{"line":4,"column":75},"end":{"line":4,"column":95}},"type":"default-arg","locations":[{"start":{"line":4,"column":93},"end":{"line":4,"column":95}}],"line":4}},"s":{"0":1,"1":2},"f":{"0":2},"b":{"0":[0],"1":[0],"2":[2]},"_coverageSchema":"1a1c01bbd47fc00a2c39e90264f33305004495a9","hash":"2c9f2db9f79b50c504a8c91db99d51e3c745dbb3"}
,"/Users/mac/Desktop/propelld-assessment/src/components/common/inputFields/MultiInputFields.jsx": {"path":"/Users/mac/Desktop/propelld-assessment/src/components/common/inputFields/MultiInputFields.jsx","statementMap":{"0":{"start":{"line":5,"column":24},"end":{"line":96,"column":1}},"1":{"start":{"line":10,"column":30},"end":{"line":12,"column":4}},"2":{"start":{"line":11,"column":4},"end":{"line":11,"column":84}},"3":{"start":{"line":11,"column":59},"end":{"line":11,"column":82}},"4":{"start":{"line":14,"column":20},"end":{"line":14,"column":30}},"5":{"start":{"line":16,"column":2},"end":{"line":18,"column":34}},"6":{"start":{"line":17,"column":4},"end":{"line":17,"column":88}},"7":{"start":{"line":17,"column":62},"end":{"line":17,"column":85}},"8":{"start":{"line":20,"column":2},"end":{"line":25,"column":15}},"9":{"start":{"line":21,"column":28},"end":{"line":21,"column":69}},"10":{"start":{"line":21,"column":56},"end":{"line":21,"column":68}},"11":{"start":{"line":22,"column":4},"end":{"line":24,"column":5}},"12":{"start":{"line":23,"column":6},"end":{"line":23,"column":49}},"13":{"start":{"line":27,"column":23},"end":{"line":30,"column":16}},"14":{"start":{"line":28,"column":4},"end":{"line":28,"column":25}},"15":{"start":{"line":29,"column":4},"end":{"line":29,"column":35}},"16":{"start":{"line":32,"column":28},"end":{"line":43,"column":3}},"17":{"start":{"line":33,"column":22},"end":{"line":33,"column":30}},"18":{"start":{"line":34,"column":4},"end":{"line":34,"column":33}},"19":{"start":{"line":34,"column":26},"end":{"line":34,"column":33}},"20":{"start":{"line":36,"column":22},"end":{"line":36,"column":33}},"21":{"start":{"line":37,"column":4},"end":{"line":37,"column":29}},"22":{"start":{"line":38,"column":4},"end":{"line":38,"column":28}},"23":{"start":{"line":40,"column":4},"end":{"line":42,"column":5}},"24":{"start":{"line":41,"column":6},"end":{"line":41,"column":44}},"25":{"start":{"line":45,"column":24},"end":{"line":63,"column":3}},"26":{"start":{"line":46,"column":4},"end":{"line":62,"column":5}},"27":{"start":{"line":47,"column":6},"end":{"line":47,"column":25}},"28":{"start":{"line":48,"column":24},"end":{"line":48,"column":35}},"29":{"start":{"line":50,"column":6},"end":{"line":57,"column":7}},"30":{"start":{"line":51,"column":8},"end":{"line":51,"column":30}},"31":{"start":{"line":52,"column":8},"end":{"line":52,"column":32}},"32":{"start":{"line":53,"column":13},"end":{"line":57,"column":7}},"33":{"start":{"line":54,"column":8},"end":{"line":54,"column":34}},"34":{"start":{"line":55,"column":8},"end":{"line":55,"column":32}},"35":{"start":{"line":56,"column":8},"end":{"line":56,"column":46}},"36":{"start":{"line":58,"column":11},"end":{"line":62,"column":5}},"37":{"start":{"line":59,"column":6},"end":{"line":59,"column":44}},"38":{"start":{"line":60,"column":11},"end":{"line":62,"column":5}},"39":{"start":{"line":61,"column":6},"end":{"line":61,"column":44}},"40":{"start":{"line":65,"column":22},"end":{"line":74,"column":3}},"41":{"start":{"line":66,"column":4},"end":{"line":66,"column":23}},"42":{"start":{"line":67,"column":23},"end":{"line":67,"column":76}},"43":{"start":{"line":69,"column":22},"end":{"line":69,"column":92}},"44":{"start":{"line":69,"column":70},"end":{"line":69,"column":91}},"45":{"start":{"line":70,"column":4},"end":{"line":70,"column":28}},"46":{"start":{"line":72,"column":27},"end":{"line":72,"column":71}},"47":{"start":{"line":72,"column":58},"end":{"line":72,"column":70}},"48":{"start":{"line":73,"column":4},"end":{"line":73,"column":89}},"49":{"start":{"line":76,"column":2},"end":{"line":95,"column":4}},"50":{"start":{"line":81,"column":10},"end":{"line":91,"column":12}},"51":{"start":{"line":86,"column":29},"end":{"line":86,"column":54}},"52":{"start":{"line":87,"column":30},"end":{"line":87,"column":51}},"53":{"start":{"line":88,"column":26},"end":{"line":88,"column":53}}},"fnMap":{"0":{"name":"(anonymous_0)","decl":{"start":{"line":5,"column":24},"end":{"line":5,"column":25}},"loc":{"start":{"line":9,"column":6},"end":{"line":96,"column":1}},"line":9},"1":{"name":"(anonymous_1)","decl":{"start":{"line":10,"column":39},"end":{"line":10,"column":40}},"loc":{"start":{"line":10,"column":45},"end":{"line":12,"column":3}},"line":10},"2":{"name":"(anonymous_2)","decl":{"start":{"line":11,"column":47},"end":{"line":11,"column":48}},"loc":{"start":{"line":11,"column":59},"end":{"line":11,"column":82}},"line":11},"3":{"name":"(anonymous_3)","decl":{"start":{"line":16,"column":12},"end":{"line":16,"column":13}},"loc":{"start":{"line":16,"column":18},"end":{"line":18,"column":3}},"line":16},"4":{"name":"(anonymous_4)","decl":{"start":{"line":17,"column":50},"end":{"line":17,"column":51}},"loc":{"start":{"line":17,"column":62},"end":{"line":17,"column":85}},"line":17},"5":{"name":"(anonymous_5)","decl":{"start":{"line":20,"column":12},"end":{"line":20,"column":13}},"loc":{"start":{"line":20,"column":18},"end":{"line":25,"column":3}},"line":20},"6":{"name":"(anonymous_6)","decl":{"start":{"line":21,"column":45},"end":{"line":21,"column":46}},"loc":{"start":{"line":21,"column":56},"end":{"line":21,"column":68}},"line":21},"7":{"name":"(anonymous_7)","decl":{"start":{"line":27,"column":35},"end":{"line":27,"column":36}},"loc":{"start":{"line":27,"column":50},"end":{"line":30,"column":3}},"line":27},"8":{"name":"(anonymous_8)","decl":{"start":{"line":32,"column":28},"end":{"line":32,"column":29}},"loc":{"start":{"line":32,"column":42},"end":{"line":43,"column":3}},"line":32},"9":{"name":"(anonymous_9)","decl":{"start":{"line":45,"column":24},"end":{"line":45,"column":25}},"loc":{"start":{"line":45,"column":38},"end":{"line":63,"column":3}},"line":45},"10":{"name":"(anonymous_10)","decl":{"start":{"line":65,"column":22},"end":{"line":65,"column":23}},"loc":{"start":{"line":65,"column":29},"end":{"line":74,"column":3}},"line":65},"11":{"name":"(anonymous_11)","decl":{"start":{"line":69,"column":58},"end":{"line":69,"column":59}},"loc":{"start":{"line":69,"column":70},"end":{"line":69,"column":91}},"line":69},"12":{"name":"(anonymous_12)","decl":{"start":{"line":72,"column":47},"end":{"line":72,"column":48}},"loc":{"start":{"line":72,"column":58},"end":{"line":72,"column":70}},"line":72},"13":{"name":"(anonymous_13)","decl":{"start":{"line":80,"column":20},"end":{"line":80,"column":21}},"loc":{"start":{"line":81,"column":10},"end":{"line":91,"column":12}},"line":81},"14":{"name":"(anonymous_14)","decl":{"start":{"line":86,"column":22},"end":{"line":86,"column":23}},"loc":{"start":{"line":86,"column":29},"end":{"line":86,"column":54}},"line":86},"15":{"name":"(anonymous_15)","decl":{"start":{"line":87,"column":23},"end":{"line":87,"column":24}},"loc":{"start":{"line":87,"column":30},"end":{"line":87,"column":51}},"line":87},"16":{"name":"(anonymous_16)","decl":{"start":{"line":88,"column":17},"end":{"line":88,"column":18}},"loc":{"start":{"line":88,"column":26},"end":{"line":88,"column":53}},"line":88}},"branchMap":{"0":{"loc":{"start":{"line":6,"column":2},"end":{"line":6,"column":17}},"type":"default-arg","locations":[{"start":{"line":6,"column":16},"end":{"line":6,"column":17}}],"line":6},"1":{"loc":{"start":{"line":7,"column":2},"end":{"line":7,"column":19}},"type":"default-arg","locations":[{"start":{"line":7,"column":17},"end":{"line":7,"column":19}}],"line":7},"2":{"loc":{"start":{"line":11,"column":59},"end":{"line":11,"column":82}},"type":"binary-expr","locations":[{"start":{"line":11,"column":59},"end":{"line":11,"column":76}},{"start":{"line":11,"column":80},"end":{"line":11,"column":82}}],"line":11},"3":{"loc":{"start":{"line":17,"column":62},"end":{"line":17,"column":85}},"type":"binary-expr","locations":[{"start":{"line":17,"column":62},"end":{"line":17,"column":79}},{"start":{"line":17,"column":83},"end":{"line":17,"column":85}}],"line":17},"4":{"loc":{"start":{"line":22,"column":4},"end":{"line":24,"column":5}},"type":"if","locations":[{"start":{"line":22,"column":4},"end":{"line":24,"column":5}},{"start":{},"end":{}}],"line":22},"5":{"loc":{"start":{"line":22,"column":8},"end":{"line":22,"column":68}},"type":"binary-expr","locations":[{"start":{"line":22,"column":8},"end":{"line":22,"column":30}},{"start":{"line":22,"column":34},"end":{"line":22,"column":68}}],"line":22},"6":{"loc":{"start":{"line":34,"column":4},"end":{"line":34,"column":33}},"type":"if","locations":[{"start":{"line":34,"column":4},"end":{"line":34,"column":33}},{"start":{},"end":{}}],"line":34},"7":{"loc":{"start":{"line":40,"column":4},"end":{"line":42,"column":5}},"type":"if","locations":[{"start":{"line":40,"column":4},"end":{"line":42,"column":5}},{"start":{},"end":{}}],"line":40},"8":{"loc":{"start":{"line":40,"column":8},"end":{"line":40,"column":40}},"type":"binary-expr","locations":[{"start":{"line":40,"column":8},"end":{"line":40,"column":13}},{"start":{"line":40,"column":17},"end":{"line":40,"column":40}}],"line":40},"9":{"loc":{"start":{"line":46,"column":4},"end":{"line":62,"column":5}},"type":"if","locations":[{"start":{"line":46,"column":4},"end":{"line":62,"column":5}},{"start":{"line":58,"column":11},"end":{"line":62,"column":5}}],"line":46},"10":{"loc":{"start":{"line":50,"column":6},"end":{"line":57,"column":7}},"type":"if","locations":[{"start":{"line":50,"column":6},"end":{"line":57,"column":7}},{"start":{"line":53,"column":13},"end":{"line":57,"column":7}}],"line":50},"11":{"loc":{"start":{"line":53,"column":13},"end":{"line":57,"column":7}},"type":"if","locations":[{"start":{"line":53,"column":13},"end":{"line":57,"column":7}},{"start":{},"end":{}}],"line":53},"12":{"loc":{"start":{"line":58,"column":11},"end":{"line":62,"column":5}},"type":"if","locations":[{"start":{"line":58,"column":11},"end":{"line":62,"column":5}},{"start":{"line":60,"column":11},"end":{"line":62,"column":5}}],"line":58},"13":{"loc":{"start":{"line":58,"column":15},"end":{"line":58,"column":49}},"type":"binary-expr","locations":[{"start":{"line":58,"column":15},"end":{"line":58,"column":36}},{"start":{"line":58,"column":40},"end":{"line":58,"column":49}}],"line":58},"14":{"loc":{"start":{"line":60,"column":11},"end":{"line":62,"column":5}},"type":"if","locations":[{"start":{"line":60,"column":11},"end":{"line":62,"column":5}},{"start":{},"end":{}}],"line":60},"15":{"loc":{"start":{"line":60,"column":15},"end":{"line":60,"column":64}},"type":"binary-expr","locations":[{"start":{"line":60,"column":15},"end":{"line":60,"column":37}},{"start":{"line":60,"column":41},"end":{"line":60,"column":64}}],"line":60},"16":{"loc":{"start":{"line":69,"column":70},"end":{"line":69,"column":91}},"type":"binary-expr","locations":[{"start":{"line":69,"column":70},"end":{"line":69,"column":85}},{"start":{"line":69,"column":89},"end":{"line":69,"column":91}}],"line":69},"17":{"loc":{"start":{"line":73,"column":22},"end":{"line":73,"column":78}},"type":"cond-expr","locations":[{"start":{"line":73,"column":46},"end":{"line":73,"column":60}},{"start":{"line":73,"column":63},"end":{"line":73,"column":78}}],"line":73}},"s":{"0":1,"1":5,"2":2,"3":8,"4":5,"5":5,"6":2,"7":8,"8":5,"9":5,"10":6,"11":5,"12":5,"13":5,"14":1,"15":1,"16":5,"17":1,"18":1,"19":0,"20":1,"21":1,"22":1,"23":1,"24":1,"25":5,"26":0,"27":0,"28":0,"29":0,"30":0,"31":0,"32":0,"33":0,"34":0,"35":0,"36":0,"37":0,"38":0,"39":0,"40":5,"41":0,"42":0,"43":0,"44":0,"45":0,"46":0,"47":0,"48":0,"49":5,"50":20,"51":1,"52":0,"53":40},"f":{"0":5,"1":2,"2":8,"3":2,"4":8,"5":5,"6":6,"7":1,"8":1,"9":0,"10":0,"11":0,"12":0,"13":20,"14":1,"15":0,"16":40},"b":{"0":[0],"1":[5],"2":[8,8],"3":[8,8],"4":[5,0],"5":[5,5],"6":[0,1],"7":[1,0],"8":[1,1],"9":[0,0],"10":[0,0],"11":[0,0],"12":[0,0],"13":[0,0],"14":[0,0],"15":[0,0],"16":[0,0],"17":[0,0]},"_coverageSchema":"1a1c01bbd47fc00a2c39e90264f33305004495a9","hash":"4e2fa6e12188fdfd130e1b7fd376c442a5c85f06"}
,"/Users/mac/Desktop/propelld-assessment/src/components/common/inputFields/TextInput.jsx": {"path":"/Users/mac/Desktop/propelld-assessment/src/components/common/inputFields/TextInput.jsx","statementMap":{"0":{"start":{"line":3,"column":18},"end":{"line":28,"column":1}},"1":{"start":{"line":11,"column":2},"end":{"line":27,"column":4}}},"fnMap":{"0":{"name":"(anonymous_0)","decl":{"start":{"line":3,"column":18},"end":{"line":3,"column":19}},"loc":{"start":{"line":10,"column":6},"end":{"line":28,"column":1}},"line":10}},"branchMap":{"0":{"loc":{"start":{"line":4,"column":2},"end":{"line":4,"column":12}},"type":"default-arg","locations":[{"start":{"line":4,"column":10},"end":{"line":4,"column":12}}],"line":4},"1":{"loc":{"start":{"line":5,"column":2},"end":{"line":5,"column":23}},"type":"default-arg","locations":[{"start":{"line":5,"column":16},"end":{"line":5,"column":23}}],"line":5},"2":{"loc":{"start":{"line":7,"column":2},"end":{"line":7,"column":12}},"type":"default-arg","locations":[{"start":{"line":7,"column":10},"end":{"line":7,"column":12}}],"line":7},"3":{"loc":{"start":{"line":8,"column":2},"end":{"line":8,"column":22}},"type":"default-arg","locations":[{"start":{"line":8,"column":20},"end":{"line":8,"column":22}}],"line":8},"4":{"loc":{"start":{"line":9,"column":2},"end":{"line":9,"column":18}},"type":"default-arg","locations":[{"start":{"line":9,"column":13},"end":{"line":9,"column":18}}],"line":9},"5":{"loc":{"start":{"line":13,"column":7},"end":{"line":17,"column":7}},"type":"binary-expr","locations":[{"start":{"line":13,"column":7},"end":{"line":13,"column":12}},{"start":{"line":14,"column":8},"end":{"line":16,"column":16}}],"line":13}},"s":{"0":1,"1":2},"f":{"0":2},"b":{"0":[0],"1":[2],"2":[0],"3":[2],"4":[2],"5":[2,2]},"_coverageSchema":"1a1c01bbd47fc00a2c39e90264f33305004495a9","hash":"9ee0a9100da3dd2909caa9a309b3aa113941d933"}
,"/Users/mac/Desktop/propelld-assessment/src/components/common/progressBar/StepsProgressBar.jsx": {"path":"/Users/mac/Desktop/propelld-assessment/src/components/common/progressBar/StepsProgressBar.jsx","statementMap":{"0":{"start":{"line":6,"column":25},"end":{"line":37,"column":1}},"1":{"start":{"line":7,"column":2},"end":{"line":36,"column":4}},"2":{"start":{"line":10,"column":27},"end":{"line":10,"column":36}},"3":{"start":{"line":11,"column":25},"end":{"line":11,"column":49}},"4":{"start":{"line":12,"column":27},"end":{"line":12,"column":53}},"5":{"start":{"line":14,"column":8},"end":{"line":33,"column":10}}},"fnMap":{"0":{"name":"(anonymous_0)","decl":{"start":{"line":6,"column":25},"end":{"line":6,"column":26}},"loc":{"start":{"line":6,"column":61},"end":{"line":37,"column":1}},"line":6},"1":{"name":"(anonymous_1)","decl":{"start":{"line":9,"column":17},"end":{"line":9,"column":18}},"loc":{"start":{"line":9,"column":34},"end":{"line":34,"column":7}},"line":9}},"branchMap":{"0":{"loc":{"start":{"line":6,"column":28},"end":{"line":6,"column":38}},"type":"default-arg","locations":[{"start":{"line":6,"column":36},"end":{"line":6,"column":38}}],"line":6},"1":{"loc":{"start":{"line":6,"column":40},"end":{"line":6,"column":54}},"type":"default-arg","locations":[{"start":{"line":6,"column":53},"end":{"line":6,"column":54}}],"line":6},"2":{"loc":{"start":{"line":15,"column":59},"end":{"line":15,"column":82}},"type":"binary-expr","locations":[{"start":{"line":15,"column":59},"end":{"line":15,"column":70}},{"start":{"line":15,"column":74},"end":{"line":15,"column":82}}],"line":15},"3":{"loc":{"start":{"line":18,"column":16},"end":{"line":18,"column":57}},"type":"cond-expr","locations":[{"start":{"line":18,"column":27},"end":{"line":18,"column":41}},{"start":{"line":18,"column":44},"end":{"line":18,"column":57}}],"line":18},"4":{"loc":{"start":{"line":26,"column":13},"end":{"line":31,"column":13}},"type":"binary-expr","locations":[{"start":{"line":26,"column":13},"end":{"line":26,"column":24}},{"start":{"line":27,"column":14},"end":{"line":30,"column":16}}],"line":26},"5":{"loc":{"start":{"line":28,"column":37},"end":{"line":28,"column":78}},"type":"cond-expr","locations":[{"start":{"line":28,"column":48},"end":{"line":28,"column":62}},{"start":{"line":28,"column":65},"end":{"line":28,"column":78}}],"line":28}},"s":{"0":1,"1":2,"2":6,"3":6,"4":6,"5":6},"f":{"0":2,"1":6},"b":{"0":[0],"1":[0],"2":[6,4],"3":[4,2],"4":[6,4],"5":[4,0]},"_coverageSchema":"1a1c01bbd47fc00a2c39e90264f33305004495a9","hash":"d356396839def9e1002f3d87f3d5f4b58a43b579"}
,"/Users/mac/Desktop/propelld-assessment/src/utils/helpers/defaultButtonHandler.js": {"path":"/Users/mac/Desktop/propelld-assessment/src/utils/helpers/defaultButtonHandler.js","statementMap":{"0":{"start":{"line":1,"column":36},"end":{"line":3,"column":1}},"1":{"start":{"line":2,"column":4},"end":{"line":2,"column":39}}},"fnMap":{"0":{"name":"(anonymous_0)","decl":{"start":{"line":1,"column":36},"end":{"line":1,"column":37}},"loc":{"start":{"line":1,"column":42},"end":{"line":3,"column":1}},"line":1}},"branchMap":{},"s":{"0":1,"1":0},"f":{"0":0},"b":{},"_coverageSchema":"1a1c01bbd47fc00a2c39e90264f33305004495a9","hash":"fc79141f80008239ab47b00dac4f65a81dd2c576"}
}
