TN:
SF:src/components/common/buttons/SuccessButton.jsx
FN:4,(anonymous_0)
FNF:1
FNH:1
FNDA:2,(anonymous_0)
DA:4,1
DA:5,2
LF:2
LH:2
BRDA:4,0,0,0
BRDA:4,1,0,0
BRDA:4,2,0,2
BRF:3
BRH:1
end_of_record
TN:
SF:src/components/common/inputFields/MultiInputFields.jsx
FN:5,(anonymous_0)
FN:10,(anonymous_1)
FN:11,(anonymous_2)
FN:16,(anonymous_3)
FN:17,(anonymous_4)
FN:20,(anonymous_5)
FN:21,(anonymous_6)
FN:27,(anonymous_7)
FN:32,(anonymous_8)
FN:45,(anonymous_9)
FN:65,(anonymous_10)
FN:69,(anonymous_11)
FN:72,(anonymous_12)
FN:80,(anonymous_13)
FN:86,(anonymous_14)
FN:87,(anonymous_15)
FN:88,(anonymous_16)
FNF:17
FNH:12
FNDA:5,(anonymous_0)
FNDA:2,(anonymous_1)
FNDA:8,(anonymous_2)
FNDA:2,(anonymous_3)
FNDA:8,(anonymous_4)
FNDA:5,(anonymous_5)
FNDA:6,(anonymous_6)
FNDA:1,(anonymous_7)
FNDA:1,(anonymous_8)
FNDA:0,(anonymous_9)
FNDA:0,(anonymous_10)
FNDA:0,(anonymous_11)
FNDA:0,(anonymous_12)
FNDA:20,(anonymous_13)
FNDA:1,(anonymous_14)
FNDA:0,(anonymous_15)
FNDA:40,(anonymous_16)
DA:5,1
DA:10,5
DA:11,8
DA:14,5
DA:16,5
DA:17,8
DA:20,5
DA:21,6
DA:22,5
DA:23,5
DA:27,5
DA:28,1
DA:29,1
DA:32,5
DA:33,1
DA:34,1
DA:36,1
DA:37,1
DA:38,1
DA:40,1
DA:41,1
DA:45,5
DA:46,0
DA:47,0
DA:48,0
DA:50,0
DA:51,0
DA:52,0
DA:53,0
DA:54,0
DA:55,0
DA:56,0
DA:58,0
DA:59,0
DA:60,0
DA:61,0
DA:65,5
DA:66,0
DA:67,0
DA:69,0
DA:70,0
DA:72,0
DA:73,0
DA:76,5
DA:81,20
DA:86,1
DA:87,0
DA:88,40
LF:48
LH:27
BRDA:6,0,0,0
BRDA:7,1,0,5
BRDA:11,2,0,8
BRDA:11,2,1,8
BRDA:17,3,0,8
BRDA:17,3,1,8
BRDA:22,4,0,5
BRDA:22,4,1,0
BRDA:22,5,0,5
BRDA:22,5,1,5
BRDA:34,6,0,0
BRDA:34,6,1,1
BRDA:40,7,0,1
BRDA:40,7,1,0
BRDA:40,8,0,1
BRDA:40,8,1,1
BRDA:46,9,0,0
BRDA:46,9,1,0
BRDA:50,10,0,0
BRDA:50,10,1,0
BRDA:53,11,0,0
BRDA:53,11,1,0
BRDA:58,12,0,0
BRDA:58,12,1,0
BRDA:58,13,0,0
BRDA:58,13,1,0
BRDA:60,14,0,0
BRDA:60,14,1,0
BRDA:60,15,0,0
BRDA:60,15,1,0
BRDA:69,16,0,0
BRDA:69,16,1,0
BRDA:73,17,0,0
BRDA:73,17,1,0
BRF:34
BRH:12
end_of_record
TN:
SF:src/components/common/inputFields/TextInput.jsx
FN:3,(anonymous_0)
FNF:1
FNH:1
FNDA:2,(anonymous_0)
DA:3,1
DA:11,2
LF:2
LH:2
BRDA:4,0,0,0
BRDA:5,1,0,2
BRDA:7,2,0,0
BRDA:8,3,0,2
BRDA:9,4,0,2
BRDA:13,5,0,2
BRDA:13,5,1,2
BRF:7
BRH:5
end_of_record
TN:
SF:src/components/common/progressBar/StepsProgressBar.jsx
FN:6,(anonymous_0)
FN:9,(anonymous_1)
FNF:2
FNH:2
FNDA:2,(anonymous_0)
FNDA:6,(anonymous_1)
DA:6,1
DA:7,2
DA:10,6
DA:11,6
DA:12,6
DA:14,6
LF:6
LH:6
BRDA:6,0,0,0
BRDA:6,1,0,0
BRDA:15,2,0,6
BRDA:15,2,1,4
BRDA:18,3,0,4
BRDA:18,3,1,2
BRDA:26,4,0,6
BRDA:26,4,1,4
BRDA:28,5,0,4
BRDA:28,5,1,0
BRF:10
BRH:7
end_of_record
TN:
SF:src/utils/helpers/defaultButtonHandler.js
FN:1,(anonymous_0)
FNF:1
FNH:0
FNDA:0,(anonymous_0)
DA:1,1
DA:2,0
LF:2
LH:1
BRF:0
BRH:0
end_of_record
